[2026-05-27 09:10:56] MASTER Usuario=4 fotos=3
[2026-05-27 09:10:56] MASTER Foto seleccionada id=4 principal=True bytes=22061 ruta=(null) contentType=image/png
[2026-05-27 09:10:56] MASTER Render inline base64 id=4 bytes=29416
[2026-05-27 09:11:45] MASTER Usuario=4 fotos=3
[2026-05-27 09:11:45] MASTER Foto seleccionada id=4 principal=True bytes=22061 ruta=(null) contentType=image/png
[2026-05-27 09:11:45] MASTER Render inline base64 id=4 bytes=29416
[2026-05-27 09:12:01] MASTER Usuario=4 fotos=3
[2026-05-27 09:12:01] MASTER Foto seleccionada id=4 principal=True bytes=22061 ruta=(null) contentType=image/png
[2026-05-27 09:12:01] MASTER Render inline base64 id=4 bytes=29416
[2026-05-27 09:12:06] MASTER Usuario=4 fotos=3
[2026-05-27 09:12:06] MASTER Foto seleccionada id=4 principal=True bytes=22061 ruta=(null) contentType=image/png
[2026-05-27 09:12:06] MASTER Render inline base64 id=4 bytes=29416
[2026-05-27 09:12:11] MASTER Usuario=4 fotos=3
[2026-05-27 09:12:11] MASTER Foto seleccionada id=4 principal=True bytes=22061 ruta=(null) contentType=image/png
[2026-05-27 09:12:11] MASTER Render inline base64 id=4 bytes=29416
[2026-05-27 09:12:22] MASTER Usuario=4 fotos=3
[2026-05-27 09:12:22] MASTER Foto seleccionada id=4 principal=True bytes=22061 ruta=(null) contentType=image/png
[2026-05-27 09:12:22] MASTER Render inline base64 id=4 bytes=29416
[2026-05-27 09:12:42] MASTER Usuario=4 fotos=3
[2026-05-27 09:12:42] MASTER Foto seleccionada id=4 principal=True bytes=22061 ruta=(null) contentType=image/png
[2026-05-27 09:12:42] MASTER Render inline base64 id=4 bytes=29416
[2026-05-27 09:13:00] MASTER Usuario=4 fotos=3
[2026-05-27 09:13:00] MASTER Foto seleccionada id=4 principal=True bytes=22061 ruta=(null) contentType=image/png
[2026-05-27 09:13:00] MASTER Render inline base64 id=4 bytes=29416
[2026-05-27 09:13:54] MASTER Usuario=4 fotos=3
[2026-05-27 09:13:54] MASTER Foto seleccionada id=4 principal=True bytes=22061 ruta=(null) contentType=image/png
[2026-05-27 09:13:54] MASTER Render inline base64 id=4 bytes=29416
[2026-05-27 20:58:24] MASTER Usuario=4 fotos=3
[2026-05-27 20:58:24] MASTER Foto seleccionada id=4 principal=True bytes=22061 ruta=(null) contentType=image/png
[2026-05-27 20:58:24] MASTER Render inline base64 id=4 bytes=29416
[2026-05-27 20:59:12] MASTER Usuario=4 fotos=3
[2026-05-27 20:59:12] MASTER Foto seleccionada id=4 principal=True bytes=22061 ruta=(null) contentType=image/png
[2026-05-27 20:59:12] MASTER Render inline base64 id=4 bytes=29416
[2026-05-27 20:59:29] MASTER Usuario=4 fotos=3
[2026-05-27 20:59:29] MASTER Foto seleccionada id=4 principal=True bytes=22061 ruta=(null) contentType=image/png
[2026-05-27 20:59:29] MASTER Render inline base64 id=4 bytes=29416
[2026-05-27 21:01:25] MASTER Usuario=4 fotos=3
[2026-05-27 21:01:25] MASTER Foto seleccionada id=4 principal=True bytes=22061 ruta=(null) contentType=image/png
[2026-05-27 21:01:25] MASTER Render inline base64 id=4 bytes=29416
[2026-05-27 21:01:29] MASTER Usuario=4 fotos=3
[2026-05-27 21:01:29] MASTER Foto seleccionada id=4 principal=True bytes=22061 ruta=(null) contentType=image/png
[2026-05-27 21:01:29] MASTER Render inline base64 id=4 bytes=29416
[2026-05-27 21:08:20] MASTER Usuario=4 fotos=3
[2026-05-27 21:08:20] MASTER Foto seleccionada id=4 principal=True bytes=22061 ruta=(null) contentType=image/png
[2026-05-27 21:08:20] MASTER Render inline base64 id=4 bytes=29416
[2026-05-27 21:08:37] MASTER Usuario=4 fotos=3
[2026-05-27 21:08:37] MASTER Foto seleccionada id=4 principal=True bytes=22061 ruta=(null) contentType=image/png
[2026-05-27 21:08:37] MASTER Render inline base64 id=4 bytes=29416
[2026-05-27 21:08:51] MASTER Usuario=4 fotos=3
[2026-05-27 21:08:51] MASTER Foto seleccionada id=4 principal=True bytes=22061 ruta=(null) contentType=image/png
[2026-05-27 21:08:51] MASTER Render inline base64 id=4 bytes=29416
[2026-05-27 21:09:17] MASTER Usuario=4 fotos=3
[2026-05-27 21:09:17] MASTER Foto seleccionada id=4 principal=True bytes=22061 ruta=(null) contentType=image/png
[2026-05-27 21:09:17] MASTER Render inline base64 id=4 bytes=29416
[2026-05-27 21:09:30] MASTER Usuario=4 fotos=3
[2026-05-27 21:09:30] MASTER Foto seleccionada id=4 principal=True bytes=22061 ruta=(null) contentType=image/png
[2026-05-27 21:09:30] MASTER Render inline base64 id=4 bytes=29416
[2026-05-27 21:09:31] MASTER Usuario=4 fotos=3
[2026-05-27 21:09:31] MASTER Foto seleccionada id=4 principal=True bytes=22061 ruta=(null) contentType=image/png
[2026-05-27 21:09:31] MASTER Render inline base64 id=4 bytes=29416
[2026-05-27 21:09:44] MASTER Usuario=4 fotos=3
[2026-05-27 21:09:44] MASTER Foto seleccionada id=4 principal=True bytes=22061 ruta=(null) contentType=image/png
[2026-05-27 21:09:44] MASTER Render inline base64 id=4 bytes=29416
[2026-05-27 21:25:23] MASTER Usuario=4 fotos=3
[2026-05-27 21:25:23] MASTER Foto seleccionada id=4 principal=True bytes=22061 ruta=(null) contentType=image/png
[2026-05-27 21:25:23] MASTER Render inline base64 id=4 bytes=29416
[2026-05-27 21:25:46] MASTER Usuario=4 fotos=3
[2026-05-27 21:25:46] MASTER Foto seleccionada id=4 principal=True bytes=22061 ruta=(null) contentType=image/png
[2026-05-27 21:25:46] MASTER Render inline base64 id=4 bytes=29416
[2026-05-27 21:27:03] MASTER Usuario=4 fotos=3
[2026-05-27 21:27:03] MASTER Foto seleccionada id=4 principal=True bytes=22061 ruta=(null) contentType=image/png
[2026-05-27 21:27:03] MASTER Render inline base64 id=4 bytes=29416
[2026-05-27 21:27:20] MASTER Usuario=4 fotos=3
[2026-05-27 21:27:20] MASTER Foto seleccionada id=4 principal=True bytes=22061 ruta=(null) contentType=image/png
[2026-05-27 21:27:20] MASTER Render inline base64 id=4 bytes=29416
[2026-05-27 21:27:21] MASTER Usuario=4 fotos=3
[2026-05-27 21:27:21] MASTER Foto seleccionada id=4 principal=True bytes=22061 ruta=(null) contentType=image/png
[2026-05-27 21:27:21] MASTER Render inline base64 id=4 bytes=29416
[2026-05-27 21:27:51] MASTER Usuario=4 fotos=3
[2026-05-27 21:27:51] MASTER Foto seleccionada id=4 principal=True bytes=22061 ruta=(null) contentType=image/png
[2026-05-27 21:27:51] MASTER Render inline base64 id=4 bytes=29416
[2026-05-27 21:27:58] MASTER Usuario=4 fotos=3
[2026-05-27 21:27:58] MASTER Foto seleccionada id=4 principal=True bytes=22061 ruta=(null) contentType=image/png
[2026-05-27 21:27:58] MASTER Render inline base64 id=4 bytes=29416
[2026-05-27 21:28:18] MASTER Usuario=4 fotos=3
[2026-05-27 21:28:18] MASTER Foto seleccionada id=4 principal=True bytes=22061 ruta=(null) contentType=image/png
[2026-05-27 21:28:18] MASTER Render inline base64 id=4 bytes=29416
[2026-05-27 21:28:30] MASTER Usuario=4 fotos=3
[2026-05-27 21:28:30] MASTER Foto seleccionada id=4 principal=True bytes=22061 ruta=(null) contentType=image/png
[2026-05-27 21:28:30] MASTER Render inline base64 id=4 bytes=29416
[2026-05-27 21:29:09] MASTER Usuario=4 fotos=3
[2026-05-27 21:29:09] MASTER Foto seleccionada id=4 principal=True bytes=22061 ruta=(null) contentType=image/png
[2026-05-27 21:29:09] MASTER Render inline base64 id=4 bytes=29416
[2026-05-27 21:29:20] MASTER Usuario=4 fotos=3
[2026-05-27 21:29:20] MASTER Foto seleccionada id=4 principal=True bytes=22061 ruta=(null) contentType=image/png
[2026-05-27 21:29:20] MASTER Render inline base64 id=4 bytes=29416
[2026-05-27 21:35:44] MASTER Usuario=4 fotos=3
[2026-05-27 21:35:44] MASTER Foto seleccionada id=4 principal=True bytes=22061 ruta=(null) contentType=image/png
[2026-05-27 21:35:44] MASTER Render inline base64 id=4 bytes=29416
[2026-05-27 21:35:51] MASTER Usuario=4 fotos=3
[2026-05-27 21:35:51] MASTER Foto seleccionada id=4 principal=True bytes=22061 ruta=(null) contentType=image/png
[2026-05-27 21:35:51] MASTER Render inline base64 id=4 bytes=29416
[2026-05-27 21:36:01] MASTER Usuario=4 fotos=3
[2026-05-27 21:36:01] MASTER Foto seleccionada id=4 principal=True bytes=22061 ruta=(null) contentType=image/png
[2026-05-27 21:36:01] MASTER Render inline base64 id=4 bytes=29416
[2026-05-30 08:43:15] MASTER Usuario=4 fotos=3
[2026-05-30 08:43:15] MASTER Foto seleccionada id=4 principal=True bytes=22061 ruta=(null) contentType=image/png
[2026-05-30 08:43:15] MASTER Render inline base64 id=4 bytes=29416
[2026-05-30 08:47:43] MASTER Usuario=4 fotos=3
[2026-05-30 08:47:43] MASTER Foto seleccionada id=4 principal=True bytes=22061 ruta=(null) contentType=image/png
[2026-05-30 08:47:43] MASTER Render inline base64 id=4 bytes=29416
[2026-05-30 08:48:02] MASTER Usuario=4 fotos=3
[2026-05-30 08:48:02] MASTER Foto seleccionada id=4 principal=True bytes=22061 ruta=(null) contentType=image/png
[2026-05-30 08:48:02] MASTER Render inline base64 id=4 bytes=29416
[2026-05-30 08:48:16] MASTER Usuario=4 fotos=3
[2026-05-30 08:48:16] MASTER Foto seleccionada id=4 principal=True bytes=22061 ruta=(null) contentType=image/png
[2026-05-30 08:48:16] MASTER Render inline base64 id=4 bytes=29416
[2026-05-30 08:48:40] MASTER Usuario=4 fotos=3
[2026-05-30 08:48:40] MASTER Foto seleccionada id=4 principal=True bytes=22061 ruta=(null) contentType=image/png
[2026-05-30 08:48:40] MASTER Render inline base64 id=4 bytes=29416
[2026-05-30 08:52:00] MASTER Session usu_id vacio
[2026-05-30 08:52:00] MASTER Session usu_id vacio
[2026-05-30 08:52:16] MASTER Session usu_id vacio
[2026-05-30 08:52:56] MASTER Session usu_id vacio
[2026-05-30 08:53:10] MASTER Session usu_id vacio
[2026-05-30 08:53:34] MASTER Session usu_id vacio
[2026-05-30 08:53:56] MASTER Session usu_id vacio
[2026-05-30 08:55:54] MASTER Session usu_id vacio
[2026-05-30 08:58:04] MASTER Session usu_id vacio
[2026-05-30 09:01:26] MASTER Session usu_id vacio
[2026-05-30 09:01:33] MASTER Session usu_id vacio
[2026-05-30 09:24:31] MASTER Usuario=4 fotos=3
[2026-05-30 09:24:31] MASTER Foto seleccionada id=4 principal=True bytes=22061 ruta=(null) contentType=image/png
[2026-05-30 09:24:31] MASTER Render inline base64 id=4 bytes=29416
[2026-05-30 09:24:58] MASTER Usuario=4 fotos=3
[2026-05-30 09:24:58] MASTER Foto seleccionada id=4 principal=True bytes=22061 ruta=(null) contentType=image/png
[2026-05-30 09:24:58] MASTER Render inline base64 id=4 bytes=29416
[2026-05-30 09:25:02] MASTER Usuario=4 fotos=3
[2026-05-30 09:25:02] MASTER Foto seleccionada id=4 principal=True bytes=22061 ruta=(null) contentType=image/png
[2026-05-30 09:25:02] MASTER Render inline base64 id=4 bytes=29416
[2026-05-30 09:28:19] MASTER Usuario=4 fotos=3
[2026-05-30 09:28:19] MASTER Foto seleccionada id=4 principal=True bytes=22061 ruta=(null) contentType=image/png
[2026-05-30 09:28:19] MASTER Render inline base64 id=4 bytes=29416
[2026-05-30 09:31:25] MASTER Usuario=4 fotos=3
[2026-05-30 09:31:25] MASTER Foto seleccionada id=4 principal=True bytes=22061 ruta=(null) contentType=image/png
[2026-05-30 09:31:25] MASTER Render inline base64 id=4 bytes=29416
[2026-05-30 09:34:25] MASTER Usuario=4 fotos=3
[2026-05-30 09:34:25] MASTER Foto seleccionada id=4 principal=True bytes=22061 ruta=(null) contentType=image/png
[2026-05-30 09:34:25] MASTER Render inline base64 id=4 bytes=29416
[2026-05-30 09:36:38] MASTER Usuario=4 fotos=3
[2026-05-30 09:36:38] MASTER Foto seleccionada id=4 principal=True bytes=22061 ruta=(null) contentType=image/png
[2026-05-30 09:36:38] MASTER Render inline base64 id=4 bytes=29416
[2026-05-30 09:38:48] MASTER Usuario=4 fotos=3
[2026-05-30 09:38:48] MASTER Foto seleccionada id=4 principal=True bytes=22061 ruta=(null) contentType=image/png
[2026-05-30 09:38:48] MASTER Render inline base64 id=4 bytes=29416
[2026-05-30 09:38:59] MASTER Usuario=4 fotos=3
[2026-05-30 09:38:59] MASTER Foto seleccionada id=4 principal=True bytes=22061 ruta=(null) contentType=image/png
[2026-05-30 09:38:59] MASTER Render inline base64 id=4 bytes=29416
[2026-05-30 09:44:32] MASTER Usuario=4 fotos=3
[2026-05-30 09:44:32] MASTER Foto seleccionada id=4 principal=True bytes=22061 ruta=(null) contentType=image/png
[2026-05-30 09:44:32] MASTER Render inline base64 id=4 bytes=29416
[2026-05-30 09:46:55] MASTER Usuario=4 fotos=3
[2026-05-30 09:46:55] MASTER Foto seleccionada id=4 principal=True bytes=22061 ruta=(null) contentType=image/png
[2026-05-30 09:46:55] MASTER Render inline base64 id=4 bytes=29416
[2026-05-30 09:47:08] MASTER Usuario=4 fotos=3
[2026-05-30 09:47:08] MASTER Foto seleccionada id=4 principal=True bytes=22061 ruta=(null) contentType=image/png
[2026-05-30 09:47:08] MASTER Render inline base64 id=4 bytes=29416
[2026-05-30 09:47:17] MASTER Usuario=4 fotos=3
[2026-05-30 09:47:17] MASTER Foto seleccionada id=4 principal=True bytes=22061 ruta=(null) contentType=image/png
[2026-05-30 09:47:17] MASTER Render inline base64 id=4 bytes=29416
[2026-05-30 09:47:25] MASTER Usuario=4 fotos=3
[2026-05-30 09:47:25] MASTER Foto seleccionada id=4 principal=True bytes=22061 ruta=(null) contentType=image/png
[2026-05-30 09:47:25] MASTER Render inline base64 id=4 bytes=29416
[2026-05-30 09:48:27] MASTER Usuario=4 fotos=3
[2026-05-30 09:48:27] MASTER Foto seleccionada id=4 principal=True bytes=22061 ruta=(null) contentType=image/png
[2026-05-30 09:48:27] MASTER Render inline base64 id=4 bytes=29416
[2026-05-30 09:50:05] MASTER Usuario=4 fotos=3
[2026-05-30 09:50:05] MASTER Foto seleccionada id=4 principal=True bytes=22061 ruta=(null) contentType=image/png
[2026-05-30 09:50:05] MASTER Render inline base64 id=4 bytes=29416
[2026-05-30 09:53:07] MASTER Usuario=4 fotos=3
[2026-05-30 09:53:07] MASTER Foto seleccionada id=4 principal=True bytes=22061 ruta=(null) contentType=image/png
[2026-05-30 09:53:07] MASTER Render inline base64 id=4 bytes=29416
[2026-05-30 10:02:21] MASTER Usuario=4 fotos=3
[2026-05-30 10:02:21] MASTER Foto seleccionada id=4 principal=True bytes=22061 ruta=(null) contentType=image/png
[2026-05-30 10:02:21] MASTER Render inline base64 id=4 bytes=29416
[2026-05-30 10:03:33] MASTER Usuario=4 fotos=3
[2026-05-30 10:03:33] MASTER Foto seleccionada id=4 principal=True bytes=22061 ruta=(null) contentType=image/png
[2026-05-30 10:03:33] MASTER Render inline base64 id=4 bytes=29416
[2026-05-30 21:09:23] MASTER Usuario=4 fotos=3
[2026-05-30 21:09:23] MASTER Foto seleccionada id=4 principal=True bytes=22061 ruta=(null) contentType=image/png
[2026-05-30 21:09:23] MASTER Render inline base64 id=4 bytes=29416
[2026-05-30 21:09:30] MASTER Usuario=4 fotos=3
[2026-05-30 21:09:30] MASTER Foto seleccionada id=4 principal=True bytes=22061 ruta=(null) contentType=image/png
[2026-05-30 21:09:30] MASTER Render inline base64 id=4 bytes=29416
[2026-05-30 21:13:59] MASTER Usuario=4 fotos=3
[2026-05-30 21:13:59] MASTER Foto seleccionada id=4 principal=True bytes=22061 ruta=(null) contentType=image/png
[2026-05-30 21:13:59] MASTER Render inline base64 id=4 bytes=29416
[2026-05-30 21:14:04] MASTER Usuario=4 fotos=3
[2026-05-30 21:14:04] MASTER Foto seleccionada id=4 principal=True bytes=22061 ruta=(null) contentType=image/png
[2026-05-30 21:14:04] MASTER Render inline base64 id=4 bytes=29416
[2026-05-30 21:17:12] MASTER Usuario=4 fotos=3
[2026-05-30 21:17:12] MASTER Foto seleccionada id=4 principal=True bytes=22061 ruta=(null) contentType=image/png
[2026-05-30 21:17:12] MASTER Render inline base64 id=4 bytes=29416
[2026-05-30 21:18:02] MASTER Usuario=4 fotos=3
[2026-05-30 21:18:02] MASTER Foto seleccionada id=4 principal=True bytes=22061 ruta=(null) contentType=image/png
[2026-05-30 21:18:02] MASTER Render inline base64 id=4 bytes=29416
[2026-05-30 21:18:21] MASTER Usuario=4 fotos=3
[2026-05-30 21:18:21] MASTER Foto seleccionada id=4 principal=True bytes=22061 ruta=(null) contentType=image/png
[2026-05-30 21:18:21] MASTER Render inline base64 id=4 bytes=29416
[2026-05-30 21:44:55] MASTER Usuario=4 fotos=3
[2026-05-30 21:44:55] MASTER Foto seleccionada id=4 principal=True bytes=22061 ruta=(null) contentType=image/png
[2026-05-30 21:44:55] MASTER Render inline base64 id=4 bytes=29416
[2026-05-30 21:45:36] MASTER Usuario=4 fotos=3
[2026-05-30 21:45:36] MASTER Foto seleccionada id=4 principal=True bytes=22061 ruta=(null) contentType=image/png
[2026-05-30 21:45:36] MASTER Render inline base64 id=4 bytes=29416
[2026-05-30 21:46:28] MASTER Usuario=4 fotos=3
[2026-05-30 21:46:28] MASTER Foto seleccionada id=4 principal=True bytes=22061 ruta=(null) contentType=image/png
[2026-05-30 21:46:28] MASTER Render inline base64 id=4 bytes=29416
[2026-05-30 21:46:38] MASTER Usuario=4 fotos=3
[2026-05-30 21:46:38] MASTER Foto seleccionada id=4 principal=True bytes=22061 ruta=(null) contentType=image/png
[2026-05-30 21:46:38] MASTER Render inline base64 id=4 bytes=29416
[2026-05-30 21:47:49] MASTER Usuario=4 fotos=3
[2026-05-30 21:47:49] MASTER Foto seleccionada id=4 principal=True bytes=22061 ruta=(null) contentType=image/png
[2026-05-30 21:47:49] MASTER Render inline base64 id=4 bytes=29416
[2026-05-30 21:49:53] MASTER Usuario=4 fotos=3
[2026-05-30 21:49:53] MASTER Foto seleccionada id=4 principal=True bytes=22061 ruta=(null) contentType=image/png
[2026-05-30 21:49:53] MASTER Render inline base64 id=4 bytes=29416
[2026-05-30 21:50:36] MASTER Usuario=4 fotos=3
[2026-05-30 21:50:36] MASTER Foto seleccionada id=4 principal=True bytes=22061 ruta=(null) contentType=image/png
[2026-05-30 21:50:36] MASTER Render inline base64 id=4 bytes=29416
[2026-05-30 21:51:15] MASTER Usuario=4 fotos=3
[2026-05-30 21:51:15] MASTER Foto seleccionada id=4 principal=True bytes=22061 ruta=(null) contentType=image/png
[2026-05-30 21:51:15] MASTER Render inline base64 id=4 bytes=29416
[2026-05-30 21:51:49] MASTER Usuario=4 fotos=3
[2026-05-30 21:51:49] MASTER Foto seleccionada id=4 principal=True bytes=22061 ruta=(null) contentType=image/png
[2026-05-30 21:51:49] MASTER Render inline base64 id=4 bytes=29416
[2026-05-30 22:31:47] MASTER Usuario=4 fotos=3
[2026-05-30 22:31:47] MASTER Foto seleccionada id=4 principal=True bytes=22061 ruta=(null) contentType=image/png
[2026-05-30 22:31:47] MASTER Render inline base64 id=4 bytes=29416
[2026-05-30 22:31:56] MASTER Usuario=4 fotos=3
[2026-05-30 22:31:56] MASTER Foto seleccionada id=4 principal=True bytes=22061 ruta=(null) contentType=image/png
[2026-05-30 22:31:56] MASTER Render inline base64 id=4 bytes=29416
[2026-05-30 22:32:12] MASTER Usuario=4 fotos=3
[2026-05-30 22:32:12] MASTER Foto seleccionada id=4 principal=True bytes=22061 ruta=(null) contentType=image/png
[2026-05-30 22:32:12] MASTER Render inline base64 id=4 bytes=29416
[2026-05-30 22:32:44] MASTER Usuario=4 fotos=3
[2026-05-30 22:32:44] MASTER Foto seleccionada id=4 principal=True bytes=22061 ruta=(null) contentType=image/png
[2026-05-30 22:32:44] MASTER Render inline base64 id=4 bytes=29416
[2026-05-30 22:34:08] MASTER Usuario=4 fotos=3
[2026-05-30 22:34:08] MASTER Foto seleccionada id=4 principal=True bytes=22061 ruta=(null) contentType=image/png
[2026-05-30 22:34:08] MASTER Render inline base64 id=4 bytes=29416
[2026-05-30 22:34:17] MASTER Usuario=4 fotos=3
[2026-05-30 22:34:17] MASTER Foto seleccionada id=4 principal=True bytes=22061 ruta=(null) contentType=image/png
[2026-05-30 22:34:17] MASTER Render inline base64 id=4 bytes=29416
[2026-05-30 22:34:29] MASTER Usuario=4 fotos=3
[2026-05-30 22:34:29] MASTER Foto seleccionada id=4 principal=True bytes=22061 ruta=(null) contentType=image/png
[2026-05-30 22:34:29] MASTER Render inline base64 id=4 bytes=29416
[2026-05-30 22:34:52] MASTER Usuario=4 fotos=3
[2026-05-30 22:34:52] MASTER Foto seleccionada id=4 principal=True bytes=22061 ruta=(null) contentType=image/png
[2026-05-30 22:34:52] MASTER Render inline base64 id=4 bytes=29416
[2026-05-30 22:46:53] MASTER Usuario=4 fotos=3
[2026-05-30 22:46:53] MASTER Foto seleccionada id=4 principal=True bytes=22061 ruta=(null) contentType=image/png
[2026-05-30 22:46:53] MASTER Render inline base64 id=4 bytes=29416
[2026-05-30 22:51:16] MASTER Usuario=4 fotos=3
[2026-05-30 22:51:16] MASTER Foto seleccionada id=4 principal=True bytes=22061 ruta=(null) contentType=image/png
[2026-05-30 22:51:16] MASTER Render inline base64 id=4 bytes=29416
[2026-05-30 22:53:27] MASTER Usuario=4 fotos=3
[2026-05-30 22:53:27] MASTER Foto seleccionada id=4 principal=True bytes=22061 ruta=(null) contentType=image/png
[2026-05-30 22:53:27] MASTER Render inline base64 id=4 bytes=29416
[2026-05-30 22:53:38] MASTER Usuario=4 fotos=3
[2026-05-30 22:53:38] MASTER Foto seleccionada id=4 principal=True bytes=22061 ruta=(null) contentType=image/png
[2026-05-30 22:53:38] MASTER Render inline base64 id=4 bytes=29416
[2026-05-30 22:56:25] MASTER Usuario=4 fotos=3
[2026-05-30 22:56:25] MASTER Foto seleccionada id=4 principal=True bytes=22061 ruta=(null) contentType=image/png
[2026-05-30 22:56:25] MASTER Render inline base64 id=4 bytes=29416
[2026-05-30 23:09:17] MASTER Usuario=4 fotos=3
[2026-05-30 23:09:17] MASTER Foto seleccionada id=4 principal=True bytes=22061 ruta=(null) contentType=image/png
[2026-05-30 23:09:17] MASTER Render inline base64 id=4 bytes=29416
[2026-05-30 23:09:43] MASTER Usuario=4 fotos=3
[2026-05-30 23:09:43] MASTER Foto seleccionada id=4 principal=True bytes=22061 ruta=(null) contentType=image/png
[2026-05-30 23:09:43] MASTER Render inline base64 id=4 bytes=29416
[2026-05-30 23:09:55] MASTER Usuario=4 fotos=3
[2026-05-30 23:09:55] MASTER Foto seleccionada id=4 principal=True bytes=22061 ruta=(null) contentType=image/png
[2026-05-30 23:09:55] MASTER Render inline base64 id=4 bytes=29416
[2026-05-30 23:09:59] MASTER Usuario=4 fotos=3
[2026-05-30 23:09:59] MASTER Foto seleccionada id=4 principal=True bytes=22061 ruta=(null) contentType=image/png
[2026-05-30 23:09:59] MASTER Render inline base64 id=4 bytes=29416
[2026-05-30 23:22:26] MASTER Usuario=4 fotos=3
[2026-05-30 23:22:26] MASTER Foto seleccionada id=4 principal=True bytes=22061 ruta=(null) contentType=image/png
[2026-05-30 23:22:26] MASTER Render inline base64 id=4 bytes=29416
[2026-05-30 23:26:57] MASTER Usuario=4 fotos=3
[2026-05-30 23:26:57] MASTER Foto seleccionada id=4 principal=True bytes=22061 ruta=(null) contentType=image/png
[2026-05-30 23:26:57] MASTER Render inline base64 id=4 bytes=29416
[2026-05-30 23:27:10] MASTER Usuario=4 fotos=3
[2026-05-30 23:27:10] MASTER Foto seleccionada id=4 principal=True bytes=22061 ruta=(null) contentType=image/png
[2026-05-30 23:27:10] MASTER Render inline base64 id=4 bytes=29416
[2026-05-30 23:27:25] MASTER Usuario=4 fotos=3
[2026-05-30 23:27:25] MASTER Foto seleccionada id=4 principal=True bytes=22061 ruta=(null) contentType=image/png
[2026-05-30 23:27:25] MASTER Render inline base64 id=4 bytes=29416
[2026-05-30 23:28:02] MASTER Usuario=4 fotos=3
[2026-05-30 23:28:02] MASTER Foto seleccionada id=4 principal=True bytes=22061 ruta=(null) contentType=image/png
[2026-05-30 23:28:02] MASTER Render inline base64 id=4 bytes=29416
[2026-05-30 23:28:14] MASTER Usuario=4 fotos=3
[2026-05-30 23:28:14] MASTER Foto seleccionada id=4 principal=True bytes=22061 ruta=(null) contentType=image/png
[2026-05-30 23:28:14] MASTER Render inline base64 id=4 bytes=29416
[2026-05-30 23:28:21] MASTER Usuario=4 fotos=3
[2026-05-30 23:28:21] MASTER Foto seleccionada id=4 principal=True bytes=22061 ruta=(null) contentType=image/png
[2026-05-30 23:28:21] MASTER Render inline base64 id=4 bytes=29416
[2026-05-30 23:29:38] MASTER Usuario=4 fotos=3
[2026-05-30 23:29:38] MASTER Foto seleccionada id=4 principal=True bytes=22061 ruta=(null) contentType=image/png
[2026-05-30 23:29:38] MASTER Render inline base64 id=4 bytes=29416
[2026-05-30 23:29:52] MASTER Usuario=4 fotos=3
[2026-05-30 23:29:52] MASTER Foto seleccionada id=4 principal=True bytes=22061 ruta=(null) contentType=image/png
[2026-05-30 23:29:52] MASTER Render inline base64 id=4 bytes=29416
[2026-05-30 23:31:23] MASTER Usuario=4 fotos=3
[2026-05-30 23:31:23] MASTER Foto seleccionada id=4 principal=True bytes=22061 ruta=(null) contentType=image/png
[2026-05-30 23:31:23] MASTER Render inline base64 id=4 bytes=29416
[2026-05-30 23:31:39] MASTER Usuario=4 fotos=3
[2026-05-30 23:31:39] MASTER Foto seleccionada id=4 principal=True bytes=22061 ruta=(null) contentType=image/png
[2026-05-30 23:31:39] MASTER Render inline base64 id=4 bytes=29416
[2026-05-30 23:36:49] MASTER Usuario=4 fotos=3
[2026-05-30 23:36:49] MASTER Foto seleccionada id=4 principal=True bytes=22061 ruta=(null) contentType=image/png
[2026-05-30 23:36:49] MASTER Render inline base64 id=4 bytes=29416
[2026-05-30 23:36:59] MASTER Usuario=4 fotos=3
[2026-05-30 23:36:59] MASTER Foto seleccionada id=4 principal=True bytes=22061 ruta=(null) contentType=image/png
[2026-05-30 23:36:59] MASTER Render inline base64 id=4 bytes=29416
[2026-05-30 23:37:05] MASTER Usuario=4 fotos=3
[2026-05-30 23:37:05] MASTER Foto seleccionada id=4 principal=True bytes=22061 ruta=(null) contentType=image/png
[2026-05-30 23:37:05] MASTER Render inline base64 id=4 bytes=29416
[2026-05-30 23:39:36] MASTER Usuario=4 fotos=3
[2026-05-30 23:39:36] MASTER Foto seleccionada id=4 principal=True bytes=22061 ruta=(null) contentType=image/png
[2026-05-30 23:39:36] MASTER Render inline base64 id=4 bytes=29416
[2026-05-30 23:47:40] MASTER Usuario=4 fotos=3
[2026-05-30 23:47:40] MASTER Foto seleccionada id=4 principal=True bytes=22061 ruta=(null) contentType=image/png
[2026-05-30 23:47:40] MASTER Render inline base64 id=4 bytes=29416
[2026-05-30 23:48:10] MASTER Usuario=4 fotos=3
[2026-05-30 23:48:10] MASTER Foto seleccionada id=4 principal=True bytes=22061 ruta=(null) contentType=image/png
[2026-05-30 23:48:10] MASTER Render inline base64 id=4 bytes=29416
[2026-05-30 23:49:05] MASTER Usuario=4 fotos=3
[2026-05-30 23:49:05] MASTER Foto seleccionada id=4 principal=True bytes=22061 ruta=(null) contentType=image/png
[2026-05-30 23:49:05] MASTER Render inline base64 id=4 bytes=29416
[2026-05-30 23:49:52] MASTER Usuario=4 fotos=3
[2026-05-30 23:49:52] MASTER Foto seleccionada id=4 principal=True bytes=22061 ruta=(null) contentType=image/png
[2026-05-30 23:49:52] MASTER Render inline base64 id=4 bytes=29416
[2026-05-30 23:50:52] MASTER Usuario=4 fotos=3
[2026-05-30 23:50:52] MASTER Foto seleccionada id=4 principal=True bytes=22061 ruta=(null) contentType=image/png
[2026-05-30 23:50:52] MASTER Render inline base64 id=4 bytes=29416
[2026-05-30 23:55:48] MASTER Usuario=4 fotos=3
[2026-05-30 23:55:48] MASTER Foto seleccionada id=4 principal=True bytes=22061 ruta=(null) contentType=image/png
[2026-05-30 23:55:48] MASTER Render inline base64 id=4 bytes=29416
[2026-05-30 23:57:29] MASTER Usuario=4 fotos=3
[2026-05-30 23:57:29] MASTER Foto seleccionada id=4 principal=True bytes=22061 ruta=(null) contentType=image/png
[2026-05-30 23:57:29] MASTER Render inline base64 id=4 bytes=29416
[2026-05-31 09:13:24] MASTER Usuario=4 fotos=3
[2026-05-31 09:13:24] MASTER Foto seleccionada id=4 principal=True bytes=22061 ruta=(null) contentType=image/png
[2026-05-31 09:13:24] MASTER Render inline base64 id=4 bytes=29416
[2026-05-31 09:13:46] MASTER Usuario=4 fotos=3
[2026-05-31 09:13:46] MASTER Foto seleccionada id=4 principal=True bytes=22061 ruta=(null) contentType=image/png
[2026-05-31 09:13:46] MASTER Render inline base64 id=4 bytes=29416
[2026-05-31 09:13:53] MASTER Usuario=4 fotos=3
[2026-05-31 09:13:53] MASTER Foto seleccionada id=4 principal=True bytes=22061 ruta=(null) contentType=image/png
[2026-05-31 09:13:53] MASTER Render inline base64 id=4 bytes=29416
[2026-05-31 09:16:15] MASTER Usuario=4 fotos=3
[2026-05-31 09:16:15] MASTER Foto seleccionada id=4 principal=True bytes=22061 ruta=(null) contentType=image/png
[2026-05-31 09:16:15] MASTER Render inline base64 id=4 bytes=29416
[2026-05-31 09:46:57] MASTER Usuario=4 fotos=3
[2026-05-31 09:46:57] MASTER Foto seleccionada id=4 principal=True bytes=22061 ruta=(null) contentType=image/png
[2026-05-31 09:46:57] MASTER Render inline base64 id=4 bytes=29416
[2026-05-31 09:47:32] MASTER Usuario=4 fotos=3
[2026-05-31 09:47:32] MASTER Foto seleccionada id=4 principal=True bytes=22061 ruta=(null) contentType=image/png
[2026-05-31 09:47:32] MASTER Render inline base64 id=4 bytes=29416
[2026-05-31 09:47:36] MASTER Usuario=4 fotos=3
[2026-05-31 09:47:36] MASTER Foto seleccionada id=4 principal=True bytes=22061 ruta=(null) contentType=image/png
[2026-05-31 09:47:36] MASTER Render inline base64 id=4 bytes=29416
[2026-05-31 09:49:42] MASTER Usuario=4 fotos=3
[2026-05-31 09:49:42] MASTER Foto seleccionada id=4 principal=True bytes=22061 ruta=(null) contentType=image/png
[2026-05-31 09:49:42] MASTER Render inline base64 id=4 bytes=29416
[2026-05-31 09:59:17] MASTER Usuario=4 fotos=3
[2026-05-31 09:59:17] MASTER Foto seleccionada id=4 principal=True bytes=22061 ruta=(null) contentType=image/png
[2026-05-31 09:59:17] MASTER Render inline base64 id=4 bytes=29416
[2026-05-31 09:59:21] MASTER Usuario=4 fotos=3
[2026-05-31 09:59:21] MASTER Foto seleccionada id=4 principal=True bytes=22061 ruta=(null) contentType=image/png
[2026-05-31 09:59:21] MASTER Render inline base64 id=4 bytes=29416
[2026-05-31 09:59:55] MASTER Usuario=4 fotos=3
[2026-05-31 09:59:55] MASTER Foto seleccionada id=4 principal=True bytes=22061 ruta=(null) contentType=image/png
[2026-05-31 09:59:55] MASTER Render inline base64 id=4 bytes=29416
[2026-05-31 10:00:52] MASTER Usuario=4 fotos=3
[2026-05-31 10:00:52] MASTER Foto seleccionada id=4 principal=True bytes=22061 ruta=(null) contentType=image/png
[2026-05-31 10:00:52] MASTER Render inline base64 id=4 bytes=29416
[2026-05-31 10:09:49] MASTER Usuario=4 fotos=3
[2026-05-31 10:09:49] MASTER Foto seleccionada id=4 principal=True bytes=22061 ruta=(null) contentType=image/png
[2026-05-31 10:09:49] MASTER Render inline base64 id=4 bytes=29416
[2026-05-31 10:09:57] MASTER Usuario=4 fotos=3
[2026-05-31 10:09:57] MASTER Foto seleccionada id=4 principal=True bytes=22061 ruta=(null) contentType=image/png
[2026-05-31 10:09:57] MASTER Render inline base64 id=4 bytes=29416
[2026-05-31 10:11:35] MASTER Usuario=4 fotos=3
[2026-05-31 10:11:35] MASTER Foto seleccionada id=4 principal=True bytes=22061 ruta=(null) contentType=image/png
[2026-05-31 10:11:35] MASTER Render inline base64 id=4 bytes=29416
[2026-05-31 10:12:20] MASTER Usuario=4 fotos=3
[2026-05-31 10:12:20] MASTER Foto seleccionada id=4 principal=True bytes=22061 ruta=(null) contentType=image/png
[2026-05-31 10:12:20] MASTER Render inline base64 id=4 bytes=29416
[2026-05-31 10:37:55] MASTER Usuario=4 fotos=3
[2026-05-31 10:37:55] MASTER Foto seleccionada id=4 principal=True bytes=22061 ruta=(null) contentType=image/png
[2026-05-31 10:37:55] MASTER Render inline base64 id=4 bytes=29416
[2026-05-31 10:38:54] MASTER Usuario=4 fotos=3
[2026-05-31 10:38:54] MASTER Foto seleccionada id=4 principal=True bytes=22061 ruta=(null) contentType=image/png
[2026-05-31 10:38:54] MASTER Render inline base64 id=4 bytes=29416
[2026-05-31 10:39:15] MASTER Usuario=4 fotos=3
[2026-05-31 10:39:15] MASTER Foto seleccionada id=4 principal=True bytes=22061 ruta=(null) contentType=image/png
[2026-05-31 10:39:15] MASTER Render inline base64 id=4 bytes=29416
[2026-05-31 10:53:52] MASTER Usuario=4 fotos=3
[2026-05-31 10:53:52] MASTER Foto seleccionada id=4 principal=True bytes=22061 ruta=(null) contentType=image/png
[2026-05-31 10:53:52] MASTER Render inline base64 id=4 bytes=29416
[2026-05-31 10:54:03] MASTER Usuario=4 fotos=3
[2026-05-31 10:54:03] MASTER Foto seleccionada id=4 principal=True bytes=22061 ruta=(null) contentType=image/png
[2026-05-31 10:54:03] MASTER Render inline base64 id=4 bytes=29416
[2026-05-31 10:54:59] MASTER Usuario=4 fotos=3
[2026-05-31 10:54:59] MASTER Foto seleccionada id=4 principal=True bytes=22061 ruta=(null) contentType=image/png
[2026-05-31 10:54:59] MASTER Render inline base64 id=4 bytes=29416
[2026-05-31 11:01:55] MASTER Usuario=4 fotos=3
[2026-05-31 11:01:55] MASTER Foto seleccionada id=4 principal=True bytes=22061 ruta=(null) contentType=image/png
[2026-05-31 11:01:55] MASTER Render inline base64 id=4 bytes=29416
[2026-05-31 11:02:01] MASTER Usuario=4 fotos=3
[2026-05-31 11:02:01] MASTER Foto seleccionada id=4 principal=True bytes=22061 ruta=(null) contentType=image/png
[2026-05-31 11:02:01] MASTER Render inline base64 id=4 bytes=29416
[2026-05-31 11:03:36] MASTER Usuario=4 fotos=3
[2026-05-31 11:03:36] MASTER Foto seleccionada id=4 principal=True bytes=22061 ruta=(null) contentType=image/png
[2026-05-31 11:03:36] MASTER Render inline base64 id=4 bytes=29416
[2026-05-31 11:08:41] MASTER Usuario=4 fotos=3
[2026-05-31 11:08:41] MASTER Foto seleccionada id=4 principal=True bytes=22061 ruta=(null) contentType=image/png
[2026-05-31 11:08:41] MASTER Render inline base64 id=4 bytes=29416
[2026-05-31 11:08:56] MASTER Usuario=4 fotos=3
[2026-05-31 11:08:56] MASTER Foto seleccionada id=4 principal=True bytes=22061 ruta=(null) contentType=image/png
[2026-05-31 11:08:56] MASTER Render inline base64 id=4 bytes=29416
[2026-05-31 11:22:25] MASTER Usuario=4 fotos=3
[2026-05-31 11:22:25] MASTER Foto seleccionada id=4 principal=True bytes=22061 ruta=(null) contentType=image/png
[2026-05-31 11:22:25] MASTER Render inline base64 id=4 bytes=29416
[2026-05-31 11:22:33] MASTER Usuario=4 fotos=3
[2026-05-31 11:22:33] MASTER Foto seleccionada id=4 principal=True bytes=22061 ruta=(null) contentType=image/png
[2026-05-31 11:22:33] MASTER Render inline base64 id=4 bytes=29416
[2026-05-31 11:35:05] MASTER Usuario=4 fotos=3
[2026-05-31 11:35:05] MASTER Foto seleccionada id=4 principal=True bytes=22061 ruta=(null) contentType=image/png
[2026-05-31 11:35:05] MASTER Render inline base64 id=4 bytes=29416
[2026-05-31 11:35:14] MASTER Usuario=4 fotos=3
[2026-05-31 11:35:14] MASTER Foto seleccionada id=4 principal=True bytes=22061 ruta=(null) contentType=image/png
[2026-05-31 11:35:14] MASTER Render inline base64 id=4 bytes=29416
[2026-05-31 11:42:52] MASTER Usuario=4 fotos=3
[2026-05-31 11:42:52] MASTER Foto seleccionada id=4 principal=True bytes=22061 ruta=(null) contentType=image/png
[2026-05-31 11:42:52] MASTER Render inline base64 id=4 bytes=29416
[2026-05-31 11:42:57] MASTER Usuario=4 fotos=3
[2026-05-31 11:42:57] MASTER Foto seleccionada id=4 principal=True bytes=22061 ruta=(null) contentType=image/png
[2026-05-31 11:42:57] MASTER Render inline base64 id=4 bytes=29416
[2026-05-31 11:43:08] MASTER Usuario=4 fotos=3
[2026-05-31 11:43:08] MASTER Foto seleccionada id=4 principal=True bytes=22061 ruta=(null) contentType=image/png
[2026-05-31 11:43:08] MASTER Render inline base64 id=4 bytes=29416
[2026-05-31 11:43:14] MASTER Usuario=4 fotos=3
[2026-05-31 11:43:14] MASTER Foto seleccionada id=4 principal=True bytes=22061 ruta=(null) contentType=image/png
[2026-05-31 11:43:14] MASTER Render inline base64 id=4 bytes=29416
[2026-05-31 11:43:17] MASTER Usuario=4 fotos=3
[2026-05-31 11:43:17] MASTER Foto seleccionada id=4 principal=True bytes=22061 ruta=(null) contentType=image/png
[2026-05-31 11:43:17] MASTER Render inline base64 id=4 bytes=29416
[2026-05-31 11:43:19] MASTER Usuario=4 fotos=3
[2026-05-31 11:43:19] MASTER Foto seleccionada id=4 principal=True bytes=22061 ruta=(null) contentType=image/png
[2026-05-31 11:43:19] MASTER Render inline base64 id=4 bytes=29416
[2026-05-31 11:45:26] MASTER Usuario=4 fotos=3
[2026-05-31 11:45:26] MASTER Foto seleccionada id=4 principal=True bytes=22061 ruta=(null) contentType=image/png
[2026-05-31 11:45:26] MASTER Render inline base64 id=4 bytes=29416
[2026-05-31 11:46:05] MASTER Usuario=4 fotos=3
[2026-05-31 11:46:05] MASTER Foto seleccionada id=4 principal=True bytes=22061 ruta=(null) contentType=image/png
[2026-05-31 11:46:05] MASTER Render inline base64 id=4 bytes=29416
[2026-05-31 11:48:06] MASTER Usuario=4 fotos=3
[2026-05-31 11:48:06] MASTER Foto seleccionada id=4 principal=True bytes=22061 ruta=(null) contentType=image/png
[2026-05-31 11:48:06] MASTER Render inline base64 id=4 bytes=29416
[2026-05-31 11:48:08] MASTER Usuario=4 fotos=3
[2026-05-31 11:48:08] MASTER Foto seleccionada id=4 principal=True bytes=22061 ruta=(null) contentType=image/png
[2026-05-31 11:48:08] MASTER Render inline base64 id=4 bytes=29416
[2026-05-31 11:49:38] MASTER Usuario=4 fotos=3
[2026-05-31 11:49:38] MASTER Foto seleccionada id=4 principal=True bytes=22061 ruta=(null) contentType=image/png
[2026-05-31 11:49:38] MASTER Render inline base64 id=4 bytes=29416
[2026-05-31 12:11:23] MASTER Usuario=4 fotos=3
[2026-05-31 12:11:23] MASTER Foto seleccionada id=4 principal=True bytes=22061 ruta=(null) contentType=image/png
[2026-05-31 12:11:23] MASTER Render inline base64 id=4 bytes=29416
[2026-05-31 12:11:31] MASTER Usuario=4 fotos=3
[2026-05-31 12:11:31] MASTER Foto seleccionada id=4 principal=True bytes=22061 ruta=(null) contentType=image/png
[2026-05-31 12:11:31] MASTER Render inline base64 id=4 bytes=29416
[2026-05-31 12:12:33] MASTER Usuario=4 fotos=3
[2026-05-31 12:12:33] MASTER Foto seleccionada id=4 principal=True bytes=22061 ruta=(null) contentType=image/png
[2026-05-31 12:12:33] MASTER Render inline base64 id=4 bytes=29416
[2026-05-31 12:12:49] MASTER Usuario=4 fotos=3
[2026-05-31 12:12:49] MASTER Foto seleccionada id=4 principal=True bytes=22061 ruta=(null) contentType=image/png
[2026-05-31 12:12:49] MASTER Render inline base64 id=4 bytes=29416
[2026-05-31 12:13:16] MASTER Usuario=4 fotos=3
[2026-05-31 12:13:16] MASTER Foto seleccionada id=4 principal=True bytes=22061 ruta=(null) contentType=image/png
[2026-05-31 12:13:16] MASTER Render inline base64 id=4 bytes=29416
[2026-05-31 12:19:32] MASTER Usuario=4 fotos=3
[2026-05-31 12:19:32] MASTER Foto seleccionada id=4 principal=True bytes=22061 ruta=(null) contentType=image/png
[2026-05-31 12:19:32] MASTER Render inline base64 id=4 bytes=29416
[2026-05-31 12:27:13] MASTER Usuario=4 fotos=3
[2026-05-31 12:27:13] MASTER Foto seleccionada id=4 principal=True bytes=22061 ruta=(null) contentType=image/png
[2026-05-31 12:27:13] MASTER Render inline base64 id=4 bytes=29416
[2026-05-31 12:28:54] MASTER Usuario=4 fotos=3
[2026-05-31 12:28:54] MASTER Foto seleccionada id=4 principal=True bytes=22061 ruta=(null) contentType=image/png
[2026-05-31 12:28:54] MASTER Render inline base64 id=4 bytes=29416
[2026-05-31 12:30:44] MASTER Usuario=4 fotos=3
[2026-05-31 12:30:44] MASTER Foto seleccionada id=4 principal=True bytes=22061 ruta=(null) contentType=image/png
[2026-05-31 12:30:44] MASTER Render inline base64 id=4 bytes=29416
[2026-05-31 12:30:47] MASTER Usuario=4 fotos=3
[2026-05-31 12:30:47] MASTER Foto seleccionada id=4 principal=True bytes=22061 ruta=(null) contentType=image/png
[2026-05-31 12:30:47] MASTER Render inline base64 id=4 bytes=29416
[2026-05-31 12:31:07] MASTER Session usu_id vacio
[2026-05-31 12:32:51] MASTER Session usu_id vacio
[2026-05-31 12:34:16] MASTER Session usu_id vacio
[2026-05-31 12:34:32] MASTER Session usu_id vacio
[2026-05-31 12:36:50] MASTER Session usu_id vacio
[2026-05-31 12:37:50] MASTER Session usu_id vacio
[2026-05-31 12:37:52] MASTER Session usu_id vacio
[2026-05-31 12:38:07] MASTER Session usu_id vacio
[2026-05-31 12:38:12] MASTER Session usu_id vacio
[2026-05-31 12:38:42] MASTER Session usu_id vacio
[2026-05-31 12:38:45] MASTER Session usu_id vacio
[2026-05-31 12:38:47] MASTER Session usu_id vacio
[2026-05-31 12:38:51] MASTER Session usu_id vacio
[2026-05-31 12:46:27] MASTER Usuario=4 fotos=3
[2026-05-31 12:46:27] MASTER Foto seleccionada id=4 principal=True bytes=22061 ruta=(null) contentType=image/png
[2026-05-31 12:46:27] MASTER Render inline base64 id=4 bytes=29416
[2026-05-31 12:48:09] MASTER Usuario=4 fotos=3
[2026-05-31 12:48:09] MASTER Foto seleccionada id=4 principal=True bytes=22061 ruta=(null) contentType=image/png
[2026-05-31 12:48:09] MASTER Render inline base64 id=4 bytes=29416
[2026-05-31 12:48:31] MASTER Usuario=4 fotos=3
[2026-05-31 12:48:31] MASTER Foto seleccionada id=4 principal=True bytes=22061 ruta=(null) contentType=image/png
[2026-05-31 12:48:31] MASTER Render inline base64 id=4 bytes=29416
[2026-05-31 12:48:42] MASTER Usuario=4 fotos=3
[2026-05-31 12:48:42] MASTER Foto seleccionada id=4 principal=True bytes=22061 ruta=(null) contentType=image/png
[2026-05-31 12:48:42] MASTER Render inline base64 id=4 bytes=29416
[2026-05-31 12:49:38] MASTER Usuario=4 fotos=3
[2026-05-31 12:49:38] MASTER Foto seleccionada id=4 principal=True bytes=22061 ruta=(null) contentType=image/png
[2026-05-31 12:49:38] MASTER Render inline base64 id=4 bytes=29416
[2026-05-31 12:57:36] MASTER Usuario=4 fotos=3
[2026-05-31 12:57:36] MASTER Foto seleccionada id=4 principal=True bytes=22061 ruta=(null) contentType=image/png
[2026-05-31 12:57:36] MASTER Render inline base64 id=4 bytes=29416
[2026-05-31 12:57:41] MASTER Usuario=4 fotos=3
[2026-05-31 12:57:41] MASTER Foto seleccionada id=4 principal=True bytes=22061 ruta=(null) contentType=image/png
[2026-05-31 12:57:41] MASTER Render inline base64 id=4 bytes=29416
[2026-05-31 12:57:42] MASTER Usuario=4 fotos=3
[2026-05-31 12:57:42] MASTER Foto seleccionada id=4 principal=True bytes=22061 ruta=(null) contentType=image/png
[2026-05-31 12:57:42] MASTER Render inline base64 id=4 bytes=29416
[2026-05-31 12:58:15] MASTER Usuario=4 fotos=3
[2026-05-31 12:58:15] MASTER Foto seleccionada id=4 principal=True bytes=22061 ruta=(null) contentType=image/png
[2026-05-31 12:58:15] MASTER Render inline base64 id=4 bytes=29416
[2026-05-31 12:58:28] MASTER Usuario=4 fotos=3
[2026-05-31 12:58:28] MASTER Foto seleccionada id=4 principal=True bytes=22061 ruta=(null) contentType=image/png
[2026-05-31 12:58:28] MASTER Render inline base64 id=4 bytes=29416
[2026-05-31 13:00:53] MASTER Usuario=4 fotos=3
[2026-05-31 13:00:53] MASTER Foto seleccionada id=4 principal=True bytes=22061 ruta=(null) contentType=image/png
[2026-05-31 13:00:53] MASTER Render inline base64 id=4 bytes=29416
[2026-05-31 13:03:19] MASTER Usuario=4 fotos=3
[2026-05-31 13:03:19] MASTER Foto seleccionada id=4 principal=True bytes=22061 ruta=(null) contentType=image/png
[2026-05-31 13:03:19] MASTER Render inline base64 id=4 bytes=29416
[2026-05-31 13:06:40] MASTER Usuario=4 fotos=3
[2026-05-31 13:06:40] MASTER Foto seleccionada id=4 principal=True bytes=22061 ruta=(null) contentType=image/png
[2026-05-31 13:06:40] MASTER Render inline base64 id=4 bytes=29416
[2026-05-31 13:07:27] MASTER Usuario=4 fotos=3
[2026-05-31 13:07:27] MASTER Foto seleccionada id=4 principal=True bytes=22061 ruta=(null) contentType=image/png
[2026-05-31 13:07:27] MASTER Render inline base64 id=4 bytes=29416
[2026-05-31 13:07:42] MASTER Usuario=4 fotos=3
[2026-05-31 13:07:42] MASTER Foto seleccionada id=4 principal=True bytes=22061 ruta=(null) contentType=image/png
[2026-05-31 13:07:42] MASTER Render inline base64 id=4 bytes=29416
[2026-05-31 13:07:54] MASTER Usuario=4 fotos=3
[2026-05-31 13:07:54] MASTER Foto seleccionada id=4 principal=True bytes=22061 ruta=(null) contentType=image/png
[2026-05-31 13:07:54] MASTER Render inline base64 id=4 bytes=29416
[2026-05-31 13:08:01] MASTER Usuario=4 fotos=3
[2026-05-31 13:08:01] MASTER Foto seleccionada id=4 principal=True bytes=22061 ruta=(null) contentType=image/png
[2026-05-31 13:08:01] MASTER Render inline base64 id=4 bytes=29416
[2026-05-31 13:11:31] MASTER Usuario=4 fotos=3
[2026-05-31 13:11:31] MASTER Foto seleccionada id=4 principal=True bytes=22061 ruta=(null) contentType=image/png
[2026-05-31 13:11:31] MASTER Render inline base64 id=4 bytes=29416
[2026-05-31 13:11:50] MASTER Usuario=4 fotos=3
[2026-05-31 13:11:50] MASTER Foto seleccionada id=4 principal=True bytes=22061 ruta=(null) contentType=image/png
[2026-05-31 13:11:50] MASTER Render inline base64 id=4 bytes=29416
[2026-05-31 13:12:07] MASTER Usuario=4 fotos=3
[2026-05-31 13:12:07] MASTER Foto seleccionada id=4 principal=True bytes=22061 ruta=(null) contentType=image/png
[2026-05-31 13:12:07] MASTER Render inline base64 id=4 bytes=29416
[2026-05-31 13:12:43] MASTER Usuario=4 fotos=3
[2026-05-31 13:12:43] MASTER Foto seleccionada id=4 principal=True bytes=22061 ruta=(null) contentType=image/png
[2026-05-31 13:12:43] MASTER Render inline base64 id=4 bytes=29416
[2026-05-31 13:21:24] MASTER Usuario=4 fotos=3
[2026-05-31 13:21:24] MASTER Foto seleccionada id=4 principal=True bytes=22061 ruta=(null) contentType=image/png
[2026-05-31 13:21:24] MASTER Render inline base64 id=4 bytes=29416
[2026-05-31 13:21:54] MASTER Usuario=4 fotos=3
[2026-05-31 13:21:54] MASTER Foto seleccionada id=4 principal=True bytes=22061 ruta=(null) contentType=image/png
[2026-05-31 13:21:54] MASTER Render inline base64 id=4 bytes=29416
[2026-05-31 13:25:27] MASTER Usuario=4 fotos=3
[2026-05-31 13:25:27] MASTER Foto seleccionada id=4 principal=True bytes=22061 ruta=(null) contentType=image/png
[2026-05-31 13:25:27] MASTER Render inline base64 id=4 bytes=29416
[2026-05-31 13:29:59] MASTER Usuario=4 fotos=3
[2026-05-31 13:29:59] MASTER Foto seleccionada id=4 principal=True bytes=22061 ruta=(null) contentType=image/png
[2026-05-31 13:29:59] MASTER Render inline base64 id=4 bytes=29416
[2026-05-31 13:31:03] MASTER Usuario=4 fotos=3
[2026-05-31 13:31:03] MASTER Foto seleccionada id=4 principal=True bytes=22061 ruta=(null) contentType=image/png
[2026-05-31 13:31:03] MASTER Render inline base64 id=4 bytes=29416
[2026-05-31 13:31:16] MASTER Usuario=4 fotos=3
[2026-05-31 13:31:16] MASTER Foto seleccionada id=4 principal=True bytes=22061 ruta=(null) contentType=image/png
[2026-05-31 13:31:16] MASTER Render inline base64 id=4 bytes=29416
[2026-05-31 13:31:35] MASTER Usuario=4 fotos=3
[2026-05-31 13:31:35] MASTER Foto seleccionada id=4 principal=True bytes=22061 ruta=(null) contentType=image/png
[2026-05-31 13:31:35] MASTER Render inline base64 id=4 bytes=29416
[2026-05-31 13:32:00] MASTER Usuario=4 fotos=3
[2026-05-31 13:32:00] MASTER Foto seleccionada id=4 principal=True bytes=22061 ruta=(null) contentType=image/png
[2026-05-31 13:32:00] MASTER Render inline base64 id=4 bytes=29416
[2026-05-31 13:32:10] MASTER Usuario=4 fotos=3
[2026-05-31 13:32:10] MASTER Foto seleccionada id=4 principal=True bytes=22061 ruta=(null) contentType=image/png
[2026-05-31 13:32:10] MASTER Render inline base64 id=4 bytes=29416
[2026-05-31 15:06:43] MASTER Usuario=4 fotos=3
[2026-05-31 15:06:43] MASTER Foto seleccionada id=4 principal=True bytes=22061 ruta=(null) contentType=image/png
[2026-05-31 15:06:43] MASTER Render inline base64 id=4 bytes=29416
[2026-05-31 15:07:09] MASTER Usuario=4 fotos=3
[2026-05-31 15:07:09] MASTER Foto seleccionada id=4 principal=True bytes=22061 ruta=(null) contentType=image/png
[2026-05-31 15:07:09] MASTER Render inline base64 id=4 bytes=29416
[2026-05-31 15:07:15] MASTER Usuario=4 fotos=3
[2026-05-31 15:07:15] MASTER Foto seleccionada id=4 principal=True bytes=22061 ruta=(null) contentType=image/png
[2026-05-31 15:07:15] MASTER Render inline base64 id=4 bytes=29416
[2026-05-31 15:09:01] MASTER Usuario=4 fotos=3
[2026-05-31 15:09:01] MASTER Foto seleccionada id=4 principal=True bytes=22061 ruta=(null) contentType=image/png
[2026-05-31 15:09:01] MASTER Render inline base64 id=4 bytes=29416
[2026-05-31 15:11:54] MASTER Usuario=4 fotos=3
[2026-05-31 15:11:54] MASTER Foto seleccionada id=4 principal=True bytes=22061 ruta=(null) contentType=image/png
[2026-05-31 15:11:54] MASTER Render inline base64 id=4 bytes=29416
[2026-05-31 15:12:14] MASTER Session usu_id vacio
[2026-05-31 17:31:37] MASTER Usuario=4 fotos=3
[2026-05-31 17:31:37] MASTER Foto seleccionada id=4 principal=True bytes=22061 ruta=(null) contentType=image/png
[2026-05-31 17:31:37] MASTER Render inline base64 id=4 bytes=29416
[2026-05-31 17:31:50] MASTER Usuario=4 fotos=3
[2026-05-31 17:31:50] MASTER Foto seleccionada id=4 principal=True bytes=22061 ruta=(null) contentType=image/png
[2026-05-31 17:31:50] MASTER Render inline base64 id=4 bytes=29416
[2026-05-31 17:32:19] MASTER Usuario=4 fotos=3
[2026-05-31 17:32:19] MASTER Foto seleccionada id=4 principal=True bytes=22061 ruta=(null) contentType=image/png
[2026-05-31 17:32:19] MASTER Render inline base64 id=4 bytes=29416
[2026-05-31 17:32:47] MASTER Usuario=4 fotos=3
[2026-05-31 17:32:47] MASTER Foto seleccionada id=4 principal=True bytes=22061 ruta=(null) contentType=image/png
[2026-05-31 17:32:47] MASTER Render inline base64 id=4 bytes=29416
[2026-05-31 17:32:58] MASTER Usuario=4 fotos=3
[2026-05-31 17:32:58] MASTER Foto seleccionada id=4 principal=True bytes=22061 ruta=(null) contentType=image/png
[2026-05-31 17:32:58] MASTER Render inline base64 id=4 bytes=29416
[2026-05-31 17:36:05] MASTER Usuario=4 fotos=3
[2026-05-31 17:36:05] MASTER Foto seleccionada id=4 principal=True bytes=22061 ruta=(null) contentType=image/png
[2026-05-31 17:36:05] MASTER Render inline base64 id=4 bytes=29416
[2026-05-31 17:36:08] MASTER Usuario=4 fotos=3
[2026-05-31 17:36:08] MASTER Foto seleccionada id=4 principal=True bytes=22061 ruta=(null) contentType=image/png
[2026-05-31 17:36:08] MASTER Render inline base64 id=4 bytes=29416
[2026-05-31 17:36:23] MASTER Usuario=4 fotos=3
[2026-05-31 17:36:23] MASTER Foto seleccionada id=4 principal=True bytes=22061 ruta=(null) contentType=image/png
[2026-05-31 17:36:23] MASTER Render inline base64 id=4 bytes=29416
[2026-05-31 17:37:34] MASTER Usuario=4 fotos=3
[2026-05-31 17:37:34] MASTER Foto seleccionada id=4 principal=True bytes=22061 ruta=(null) contentType=image/png
[2026-05-31 17:37:34] MASTER Render inline base64 id=4 bytes=29416
[2026-05-31 17:42:07] MASTER Usuario=4 fotos=3
[2026-05-31 17:42:07] MASTER Foto seleccionada id=4 principal=True bytes=22061 ruta=(null) contentType=image/png
[2026-05-31 17:42:07] MASTER Render inline base64 id=4 bytes=29416
[2026-05-31 17:42:47] MASTER Usuario=4 fotos=3
[2026-05-31 17:42:47] MASTER Foto seleccionada id=4 principal=True bytes=22061 ruta=(null) contentType=image/png
[2026-05-31 17:42:47] MASTER Render inline base64 id=4 bytes=29416
[2026-05-31 17:46:37] MASTER Usuario=4 fotos=3
[2026-05-31 17:46:37] MASTER Foto seleccionada id=4 principal=True bytes=22061 ruta=(null) contentType=image/png
[2026-05-31 17:46:37] MASTER Render inline base64 id=4 bytes=29416
[2026-05-31 17:47:12] MASTER Usuario=4 fotos=3
[2026-05-31 17:47:12] MASTER Foto seleccionada id=4 principal=True bytes=22061 ruta=(null) contentType=image/png
[2026-05-31 17:47:12] MASTER Render inline base64 id=4 bytes=29416
[2026-05-31 17:47:53] MASTER Usuario=4 fotos=3
[2026-05-31 17:47:53] MASTER Foto seleccionada id=4 principal=True bytes=22061 ruta=(null) contentType=image/png
[2026-05-31 17:47:53] MASTER Render inline base64 id=4 bytes=29416
[2026-05-31 18:12:27] MASTER Usuario=4 fotos=3
[2026-05-31 18:12:27] MASTER Foto seleccionada id=4 principal=True bytes=22061 ruta=(null) contentType=image/png
[2026-05-31 18:12:27] MASTER Render inline base64 id=4 bytes=29416
[2026-05-31 18:13:14] MASTER Usuario=4 fotos=3
[2026-05-31 18:13:14] MASTER Foto seleccionada id=4 principal=True bytes=22061 ruta=(null) contentType=image/png
[2026-05-31 18:13:14] MASTER Render inline base64 id=4 bytes=29416
[2026-05-31 18:13:49] MASTER Usuario=4 fotos=3
[2026-05-31 18:13:49] MASTER Foto seleccionada id=4 principal=True bytes=22061 ruta=(null) contentType=image/png
[2026-05-31 18:13:49] MASTER Render inline base64 id=4 bytes=29416
[2026-05-31 18:14:22] MASTER Usuario=4 fotos=3
[2026-05-31 18:14:22] MASTER Foto seleccionada id=4 principal=True bytes=22061 ruta=(null) contentType=image/png
[2026-05-31 18:14:22] MASTER Render inline base64 id=4 bytes=29416
[2026-05-31 18:17:15] MASTER Usuario=4 fotos=3
[2026-05-31 18:17:15] MASTER Foto seleccionada id=4 principal=True bytes=22061 ruta=(null) contentType=image/png
[2026-05-31 18:17:15] MASTER Render inline base64 id=4 bytes=29416
[2026-05-31 18:28:03] MASTER Usuario=4 fotos=3
[2026-05-31 18:28:03] MASTER Foto seleccionada id=4 principal=True bytes=22061 ruta=(null) contentType=image/png
[2026-05-31 18:28:03] MASTER Render inline base64 id=4 bytes=29416
[2026-05-31 18:28:27] MASTER Usuario=4 fotos=3
[2026-05-31 18:28:27] MASTER Foto seleccionada id=4 principal=True bytes=22061 ruta=(null) contentType=image/png
[2026-05-31 18:28:27] MASTER Render inline base64 id=4 bytes=29416
[2026-05-31 18:32:24] MASTER Usuario=4 fotos=3
[2026-05-31 18:32:24] MASTER Foto seleccionada id=4 principal=True bytes=22061 ruta=(null) contentType=image/png
[2026-05-31 18:32:24] MASTER Render inline base64 id=4 bytes=29416
[2026-05-31 18:32:43] MASTER Usuario=4 fotos=3
[2026-05-31 18:32:43] MASTER Foto seleccionada id=4 principal=True bytes=22061 ruta=(null) contentType=image/png
[2026-05-31 18:32:43] MASTER Render inline base64 id=4 bytes=29416
[2026-05-31 18:33:00] MASTER Usuario=4 fotos=3
[2026-05-31 18:33:00] MASTER Foto seleccionada id=4 principal=True bytes=22061 ruta=(null) contentType=image/png
[2026-05-31 18:33:00] MASTER Render inline base64 id=4 bytes=29416
[2026-05-31 18:33:17] MASTER Usuario=4 fotos=3
[2026-05-31 18:33:17] MASTER Foto seleccionada id=4 principal=True bytes=22061 ruta=(null) contentType=image/png
[2026-05-31 18:33:17] MASTER Render inline base64 id=4 bytes=29416
[2026-05-31 18:37:56] MASTER Usuario=4 fotos=3
[2026-05-31 18:37:56] MASTER Foto seleccionada id=4 principal=True bytes=22061 ruta=(null) contentType=image/png
[2026-05-31 18:37:56] MASTER Render inline base64 id=4 bytes=29416
[2026-05-31 18:38:32] MASTER Usuario=4 fotos=3
[2026-05-31 18:38:32] MASTER Foto seleccionada id=4 principal=True bytes=22061 ruta=(null) contentType=image/png
[2026-05-31 18:38:32] MASTER Render inline base64 id=4 bytes=29416
[2026-05-31 18:41:28] MASTER Usuario=4 fotos=3
[2026-05-31 18:41:28] MASTER Foto seleccionada id=4 principal=True bytes=22061 ruta=(null) contentType=image/png
[2026-05-31 18:41:28] MASTER Render inline base64 id=4 bytes=29416
[2026-05-31 18:42:07] MASTER Usuario=4 fotos=3
[2026-05-31 18:42:07] MASTER Foto seleccionada id=4 principal=True bytes=22061 ruta=(null) contentType=image/png
[2026-05-31 18:42:07] MASTER Render inline base64 id=4 bytes=29416
[2026-05-31 18:43:25] MASTER Usuario=4 fotos=3
[2026-05-31 18:43:25] MASTER Foto seleccionada id=4 principal=True bytes=22061 ruta=(null) contentType=image/png
[2026-05-31 18:43:25] MASTER Render inline base64 id=4 bytes=29416
[2026-05-31 18:43:36] MASTER Usuario=4 fotos=3
[2026-05-31 18:43:36] MASTER Foto seleccionada id=4 principal=True bytes=22061 ruta=(null) contentType=image/png
[2026-05-31 18:43:36] MASTER Render inline base64 id=4 bytes=29416
[2026-05-31 18:44:31] MASTER Usuario=4 fotos=3
[2026-05-31 18:44:31] MASTER Foto seleccionada id=4 principal=True bytes=22061 ruta=(null) contentType=image/png
[2026-05-31 18:44:31] MASTER Render inline base64 id=4 bytes=29416
[2026-05-31 18:45:56] MASTER Usuario=4 fotos=3
[2026-05-31 18:45:56] MASTER Foto seleccionada id=4 principal=True bytes=22061 ruta=(null) contentType=image/png
[2026-05-31 18:45:56] MASTER Render inline base64 id=4 bytes=29416
[2026-05-31 18:46:25] MASTER Usuario=4 fotos=3
[2026-05-31 18:46:25] MASTER Foto seleccionada id=4 principal=True bytes=22061 ruta=(null) contentType=image/png
[2026-05-31 18:46:25] MASTER Render inline base64 id=4 bytes=29416
